2022-11-16 13:58:34,551 - Log file for this run: /home/skim945/ECE189/ai8x-training/logs/2022.11.16-135834/2022.11.16-135834.log
2022-11-16 13:58:34,779 - Optimizer Type: <class 'torch.optim.adam.Adam'>
2022-11-16 13:58:34,780 - Optimizer Args: {'lr': 0.001, 'betas': (0.9, 0.999), 'eps': 1e-08, 'weight_decay': 0.0005, 'amsgrad': False}
2022-11-16 13:58:34,888 - Dataset sizes:
	training=5
	validation=1
	test=1
2022-11-16 13:58:34,899 - 

2022-11-16 13:58:34,901 - Training epoch: 5 samples (2 per mini-batch)
2022-11-16 13:58:36,490 - Epoch: [0][    3/    3]    Overall Loss 7.329652    Objective Loss 7.329652                                        LR 0.001000    Time 0.527565    
2022-11-16 13:58:36,518 - --- validate (epoch=0)-----------
2022-11-16 13:58:36,519 - 1 samples (2 per mini-batch)
2022-11-16 13:58:37,488 - Epoch: [0][    1/    1]    Loss 6.872142    mAP 0.000000    
2022-11-16 13:58:37,512 - ==> mAP: 0.00000    Loss: 6.872

2022-11-16 13:58:37,518 - ==> Best [mAP: 0.000000   vloss: 6.872142   Sparsity:0.00   Params: 303264 on epoch: 0]
2022-11-16 13:58:37,518 - Saving checkpoint to: logs/2022.11.16-135834/checkpoint.pth.tar
2022-11-16 13:58:37,574 - 

2022-11-16 13:58:37,574 - Training epoch: 5 samples (2 per mini-batch)
2022-11-16 13:58:38,765 - Epoch: [1][    3/    3]    Overall Loss 6.578264    Objective Loss 6.578264                                        LR 0.001000    Time 0.396169    
2022-11-16 13:58:38,796 - --- validate (epoch=1)-----------
2022-11-16 13:58:38,796 - 1 samples (2 per mini-batch)
2022-11-16 13:58:39,174 - Epoch: [1][    1/    1]    Loss 6.870207    mAP 0.000000    
2022-11-16 13:58:39,209 - ==> mAP: 0.00000    Loss: 6.870

2022-11-16 13:58:39,212 - ==> Best [mAP: 0.000000   vloss: 6.870207   Sparsity:0.00   Params: 303264 on epoch: 1]
2022-11-16 13:58:39,212 - Saving checkpoint to: logs/2022.11.16-135834/checkpoint.pth.tar
2022-11-16 13:58:39,259 - 

2022-11-16 13:58:39,261 - Training epoch: 5 samples (2 per mini-batch)
2022-11-16 13:58:39,772 - Epoch: [2][    3/    3]    Overall Loss 6.046604    Objective Loss 6.046604                                        LR 0.001000    Time 0.168736    
2022-11-16 13:58:39,813 - --- validate (epoch=2)-----------
2022-11-16 13:58:39,814 - 1 samples (2 per mini-batch)
2022-11-16 13:58:40,145 - Epoch: [2][    1/    1]    Loss 6.868299    mAP 0.000000    
2022-11-16 13:58:40,193 - ==> mAP: 0.00000    Loss: 6.868

2022-11-16 13:58:40,200 - ==> Best [mAP: 0.000000   vloss: 6.868299   Sparsity:0.00   Params: 303264 on epoch: 2]
2022-11-16 13:58:40,201 - Saving checkpoint to: logs/2022.11.16-135834/checkpoint.pth.tar
2022-11-16 13:58:40,256 - 

2022-11-16 13:58:40,257 - Training epoch: 5 samples (2 per mini-batch)
2022-11-16 13:58:40,896 - Epoch: [3][    3/    3]    Overall Loss 5.880977    Objective Loss 5.880977                                        LR 0.001000    Time 0.211461    
2022-11-16 13:58:40,945 - --- validate (epoch=3)-----------
2022-11-16 13:58:40,946 - 1 samples (2 per mini-batch)
2022-11-16 13:58:41,461 - Epoch: [3][    1/    1]    Loss 6.866490    mAP 0.000000    
2022-11-16 13:58:41,507 - ==> mAP: 0.00000    Loss: 6.866

2022-11-16 13:58:41,518 - ==> Best [mAP: 0.000000   vloss: 6.866490   Sparsity:0.00   Params: 303264 on epoch: 3]
2022-11-16 13:58:41,519 - Saving checkpoint to: logs/2022.11.16-135834/checkpoint.pth.tar
2022-11-16 13:58:41,563 - 

2022-11-16 13:58:41,564 - Training epoch: 5 samples (2 per mini-batch)
2022-11-16 13:58:42,043 - Epoch: [4][    3/    3]    Overall Loss 5.968098    Objective Loss 5.968098                                        LR 0.001000    Time 0.158808    
2022-11-16 13:58:42,090 - --- validate (epoch=4)-----------
2022-11-16 13:58:42,091 - 1 samples (2 per mini-batch)
2022-11-16 13:58:42,458 - Epoch: [4][    1/    1]    Loss 6.864857    mAP 0.000000    
2022-11-16 13:58:42,480 - ==> mAP: 0.00000    Loss: 6.865

2022-11-16 13:58:42,485 - ==> Best [mAP: 0.000000   vloss: 6.864857   Sparsity:0.00   Params: 303264 on epoch: 4]
2022-11-16 13:58:42,485 - Saving checkpoint to: logs/2022.11.16-135834/checkpoint.pth.tar
2022-11-16 13:58:42,529 - 

2022-11-16 13:58:42,529 - Training epoch: 5 samples (2 per mini-batch)
2022-11-16 13:58:42,888 - Epoch: [5][    3/    3]    Overall Loss 5.520301    Objective Loss 5.520301                                        LR 0.001000    Time 0.119062    
2022-11-16 13:58:42,915 - --- validate (epoch=5)-----------
2022-11-16 13:58:42,916 - 1 samples (2 per mini-batch)
2022-11-16 13:58:43,206 - Epoch: [5][    1/    1]    Loss 6.863404    mAP 0.000000    
2022-11-16 13:58:43,230 - ==> mAP: 0.00000    Loss: 6.863

2022-11-16 13:58:43,239 - ==> Best [mAP: 0.000000   vloss: 6.863404   Sparsity:0.00   Params: 303264 on epoch: 5]
2022-11-16 13:58:43,239 - Saving checkpoint to: logs/2022.11.16-135834/checkpoint.pth.tar
2022-11-16 13:58:43,274 - 

2022-11-16 13:58:43,275 - Training epoch: 5 samples (2 per mini-batch)
2022-11-16 13:58:43,704 - Epoch: [6][    3/    3]    Overall Loss 5.913275    Objective Loss 5.913275                                        LR 0.001000    Time 0.142423    
2022-11-16 13:58:43,739 - --- validate (epoch=6)-----------
2022-11-16 13:58:43,740 - 1 samples (2 per mini-batch)
2022-11-16 13:58:44,056 - Epoch: [6][    1/    1]    Loss 6.861816    mAP 0.000000    
2022-11-16 13:58:44,091 - ==> mAP: 0.00000    Loss: 6.862

2022-11-16 13:58:44,096 - ==> Best [mAP: 0.000000   vloss: 6.861816   Sparsity:0.00   Params: 303264 on epoch: 6]
2022-11-16 13:58:44,097 - Saving checkpoint to: logs/2022.11.16-135834/checkpoint.pth.tar
2022-11-16 13:58:44,139 - 

2022-11-16 13:58:44,141 - Training epoch: 5 samples (2 per mini-batch)
2022-11-16 13:58:44,568 - Epoch: [7][    3/    3]    Overall Loss 5.663507    Objective Loss 5.663507                                        LR 0.001000    Time 0.141372    
2022-11-16 13:58:44,606 - --- validate (epoch=7)-----------
2022-11-16 13:58:44,607 - 1 samples (2 per mini-batch)
2022-11-16 13:58:45,216 - Epoch: [7][    1/    1]    Loss 6.860126    mAP 0.000000    
2022-11-16 13:58:45,291 - ==> mAP: 0.00000    Loss: 6.860

2022-11-16 13:58:45,312 - ==> Best [mAP: 0.000000   vloss: 6.860126   Sparsity:0.00   Params: 303264 on epoch: 7]
2022-11-16 13:58:45,313 - Saving checkpoint to: logs/2022.11.16-135834/checkpoint.pth.tar
2022-11-16 13:58:45,393 - 

2022-11-16 13:58:45,394 - Training epoch: 5 samples (2 per mini-batch)
2022-11-16 13:58:45,997 - Epoch: [8][    3/    3]    Overall Loss 5.432832    Objective Loss 5.432832                                        LR 0.001000    Time 0.199430    
2022-11-16 13:58:46,054 - --- validate (epoch=8)-----------
2022-11-16 13:58:46,055 - 1 samples (2 per mini-batch)
2022-11-16 13:58:46,659 - Epoch: [8][    1/    1]    Loss 6.858562    mAP 0.000000    
2022-11-16 13:58:46,734 - ==> mAP: 0.00000    Loss: 6.859

2022-11-16 13:58:46,748 - ==> Best [mAP: 0.000000   vloss: 6.858562   Sparsity:0.00   Params: 303264 on epoch: 8]
2022-11-16 13:58:46,749 - Saving checkpoint to: logs/2022.11.16-135834/checkpoint.pth.tar
2022-11-16 13:58:46,838 - 

2022-11-16 13:58:46,839 - Training epoch: 5 samples (2 per mini-batch)
2022-11-16 13:58:47,380 - Epoch: [9][    3/    3]    Overall Loss 5.825509    Objective Loss 5.825509                                        LR 0.001000    Time 0.178306    
2022-11-16 13:58:47,420 - --- validate (epoch=9)-----------
2022-11-16 13:58:47,421 - 1 samples (2 per mini-batch)
2022-11-16 13:58:47,874 - Epoch: [9][    1/    1]    Loss 6.857057    mAP 0.000000    
2022-11-16 13:58:47,911 - ==> mAP: 0.00000    Loss: 6.857

2022-11-16 13:58:47,922 - ==> Best [mAP: 0.000000   vloss: 6.857057   Sparsity:0.00   Params: 303264 on epoch: 9]
2022-11-16 13:58:47,923 - Saving checkpoint to: logs/2022.11.16-135834/checkpoint.pth.tar
2022-11-16 13:58:47,995 - 

2022-11-16 13:58:47,996 - Training epoch: 5 samples (2 per mini-batch)
2022-11-16 13:58:48,519 - Epoch: [10][    3/    3]    Overall Loss 5.173320    Objective Loss 5.173320                                        LR 0.001000    Time 0.172271    
2022-11-16 13:58:48,562 - --- validate (epoch=10)-----------
2022-11-16 13:58:48,563 - 1 samples (2 per mini-batch)
2022-11-16 13:58:49,003 - Epoch: [10][    1/    1]    Loss 6.855577    mAP 0.000000    
2022-11-16 13:58:49,046 - ==> mAP: 0.00000    Loss: 6.856

2022-11-16 13:58:49,056 - ==> Best [mAP: 0.000000   vloss: 6.855577   Sparsity:0.00   Params: 303264 on epoch: 10]
2022-11-16 13:58:49,057 - Saving checkpoint to: logs/2022.11.16-135834/checkpoint.pth.tar
2022-11-16 13:58:49,122 - 

2022-11-16 13:58:49,124 - Training epoch: 5 samples (2 per mini-batch)
2022-11-16 13:58:49,573 - Epoch: [11][    3/    3]    Overall Loss 5.331578    Objective Loss 5.331578                                        LR 0.001000    Time 0.148557    
2022-11-16 13:58:49,608 - --- validate (epoch=11)-----------
2022-11-16 13:58:49,609 - 1 samples (2 per mini-batch)
2022-11-16 13:58:50,042 - Epoch: [11][    1/    1]    Loss 6.854212    mAP 0.000000    
2022-11-16 13:58:50,083 - ==> mAP: 0.00000    Loss: 6.854

2022-11-16 13:58:50,092 - ==> Best [mAP: 0.000000   vloss: 6.854212   Sparsity:0.00   Params: 303264 on epoch: 11]
2022-11-16 13:58:50,093 - Saving checkpoint to: logs/2022.11.16-135834/checkpoint.pth.tar
2022-11-16 13:58:50,155 - 

2022-11-16 13:58:50,156 - Training epoch: 5 samples (2 per mini-batch)
2022-11-16 13:58:50,592 - Epoch: [12][    3/    3]    Overall Loss 5.108778    Objective Loss 5.108778                                        LR 0.001000    Time 0.144453    
2022-11-16 13:58:50,629 - --- validate (epoch=12)-----------
2022-11-16 13:58:50,630 - 1 samples (2 per mini-batch)
2022-11-16 13:58:50,999 - Epoch: [12][    1/    1]    Loss 6.853029    mAP 0.000000    
2022-11-16 13:58:51,035 - ==> mAP: 0.00000    Loss: 6.853

2022-11-16 13:58:51,044 - ==> Best [mAP: 0.000000   vloss: 6.853029   Sparsity:0.00   Params: 303264 on epoch: 12]
2022-11-16 13:58:51,045 - Saving checkpoint to: logs/2022.11.16-135834/checkpoint.pth.tar
2022-11-16 13:58:51,101 - 

2022-11-16 13:58:51,102 - Training epoch: 5 samples (2 per mini-batch)
2022-11-16 13:58:51,610 - Epoch: [13][    3/    3]    Overall Loss 4.976919    Objective Loss 4.976919                                        LR 0.001000    Time 0.168013    
2022-11-16 13:58:51,655 - --- validate (epoch=13)-----------
2022-11-16 13:58:51,656 - 1 samples (2 per mini-batch)
2022-11-16 13:58:52,029 - Epoch: [13][    1/    1]    Loss 6.851903    mAP 0.000000    
2022-11-16 13:58:52,073 - ==> mAP: 0.00000    Loss: 6.852

2022-11-16 13:58:52,081 - ==> Best [mAP: 0.000000   vloss: 6.851903   Sparsity:0.00   Params: 303264 on epoch: 13]
2022-11-16 13:58:52,082 - Saving checkpoint to: logs/2022.11.16-135834/checkpoint.pth.tar
2022-11-16 13:58:52,141 - 

2022-11-16 13:58:52,142 - Training epoch: 5 samples (2 per mini-batch)
2022-11-16 13:58:52,641 - Epoch: [14][    3/    3]    Overall Loss 5.007340    Objective Loss 5.007340                                        LR 0.001000    Time 0.165309    
2022-11-16 13:58:52,676 - --- validate (epoch=14)-----------
2022-11-16 13:58:52,677 - 1 samples (2 per mini-batch)
2022-11-16 13:58:53,052 - Epoch: [14][    1/    1]    Loss 6.850869    mAP 0.000000    
2022-11-16 13:58:53,082 - ==> mAP: 0.00000    Loss: 6.851

2022-11-16 13:58:53,094 - ==> Best [mAP: 0.000000   vloss: 6.850869   Sparsity:0.00   Params: 303264 on epoch: 14]
2022-11-16 13:58:53,102 - Saving checkpoint to: logs/2022.11.16-135834/checkpoint.pth.tar
2022-11-16 13:58:53,163 - 

2022-11-16 13:58:53,164 - Training epoch: 5 samples (2 per mini-batch)
2022-11-16 13:58:53,733 - Epoch: [15][    3/    3]    Overall Loss 5.461738    Objective Loss 5.461738                                        LR 0.001000    Time 0.187355    
2022-11-16 13:58:53,779 - --- validate (epoch=15)-----------
2022-11-16 13:58:53,780 - 1 samples (2 per mini-batch)
2022-11-16 13:58:54,189 - Epoch: [15][    1/    1]    Loss 6.849811    mAP 0.000000    
2022-11-16 13:58:54,238 - ==> mAP: 0.00000    Loss: 6.850

2022-11-16 13:58:54,244 - ==> Best [mAP: 0.000000   vloss: 6.849811   Sparsity:0.00   Params: 303264 on epoch: 15]
2022-11-16 13:58:54,245 - Saving checkpoint to: logs/2022.11.16-135834/checkpoint.pth.tar
2022-11-16 13:58:54,305 - 

2022-11-16 13:58:54,306 - Training epoch: 5 samples (2 per mini-batch)
2022-11-16 13:58:54,857 - Epoch: [16][    3/    3]    Overall Loss 5.162460    Objective Loss 5.162460                                        LR 0.001000    Time 0.182500    
2022-11-16 13:58:54,904 - --- validate (epoch=16)-----------
2022-11-16 13:58:54,905 - 1 samples (2 per mini-batch)
2022-11-16 13:58:55,361 - Epoch: [16][    1/    1]    Loss 6.848813    mAP 0.000000    
2022-11-16 13:58:55,417 - ==> mAP: 0.00000    Loss: 6.849

2022-11-16 13:58:55,435 - ==> Best [mAP: 0.000000   vloss: 6.848813   Sparsity:0.00   Params: 303264 on epoch: 16]
2022-11-16 13:58:55,437 - Saving checkpoint to: logs/2022.11.16-135834/checkpoint.pth.tar
2022-11-16 13:58:55,507 - 

2022-11-16 13:58:55,507 - Training epoch: 5 samples (2 per mini-batch)
2022-11-16 13:58:56,067 - Epoch: [17][    3/    3]    Overall Loss 4.867023    Objective Loss 4.867023                                        LR 0.001000    Time 0.185443    
2022-11-16 13:58:56,109 - --- validate (epoch=17)-----------
2022-11-16 13:58:56,110 - 1 samples (2 per mini-batch)
2022-11-16 13:58:56,555 - Epoch: [17][    1/    1]    Loss 6.847875    mAP 0.000000    
2022-11-16 13:58:56,599 - ==> mAP: 0.00000    Loss: 6.848

2022-11-16 13:58:56,608 - ==> Best [mAP: 0.000000   vloss: 6.847875   Sparsity:0.00   Params: 303264 on epoch: 17]
2022-11-16 13:58:56,609 - Saving checkpoint to: logs/2022.11.16-135834/checkpoint.pth.tar
2022-11-16 13:58:56,700 - 

2022-11-16 13:58:56,702 - Training epoch: 5 samples (2 per mini-batch)
2022-11-16 13:58:57,240 - Epoch: [18][    3/    3]    Overall Loss 5.090517    Objective Loss 5.090517                                        LR 0.001000    Time 0.177292    
2022-11-16 13:58:57,282 - --- validate (epoch=18)-----------
2022-11-16 13:58:57,283 - 1 samples (2 per mini-batch)
2022-11-16 13:58:57,666 - Epoch: [18][    1/    1]    Loss 6.847082    mAP 0.000000    
2022-11-16 13:58:57,727 - ==> mAP: 0.00000    Loss: 6.847

2022-11-16 13:58:57,748 - ==> Best [mAP: 0.000000   vloss: 6.847082   Sparsity:0.00   Params: 303264 on epoch: 18]
2022-11-16 13:58:57,750 - Saving checkpoint to: logs/2022.11.16-135834/checkpoint.pth.tar
2022-11-16 13:58:57,814 - 

2022-11-16 13:58:57,816 - Training epoch: 5 samples (2 per mini-batch)
2022-11-16 13:58:58,276 - Epoch: [19][    3/    3]    Overall Loss 4.836387    Objective Loss 4.836387                                        LR 0.001000    Time 0.152224    
2022-11-16 13:58:58,324 - --- validate (epoch=19)-----------
2022-11-16 13:58:58,324 - 1 samples (2 per mini-batch)
2022-11-16 13:58:58,790 - Epoch: [19][    1/    1]    Loss 6.846102    mAP 0.000000    
2022-11-16 13:58:58,854 - ==> mAP: 0.00000    Loss: 6.846

2022-11-16 13:58:58,860 - ==> Best [mAP: 0.000000   vloss: 6.846102   Sparsity:0.00   Params: 303264 on epoch: 19]
2022-11-16 13:58:58,861 - Saving checkpoint to: logs/2022.11.16-135834/checkpoint.pth.tar
2022-11-16 13:58:58,920 - 

2022-11-16 13:58:58,921 - Training epoch: 5 samples (2 per mini-batch)
2022-11-16 13:58:59,493 - Epoch: [20][    3/    3]    Overall Loss 4.997763    Objective Loss 4.997763                                        LR 0.001000    Time 0.188707    
2022-11-16 13:58:59,557 - --- validate (epoch=20)-----------
2022-11-16 13:58:59,557 - 1 samples (2 per mini-batch)
2022-11-16 13:59:00,016 - Epoch: [20][    1/    1]    Loss 6.844742    mAP 0.000000    
2022-11-16 13:59:00,065 - ==> mAP: 0.00000    Loss: 6.845

2022-11-16 13:59:00,074 - ==> Best [mAP: 0.000000   vloss: 6.844742   Sparsity:0.00   Params: 303264 on epoch: 20]
2022-11-16 13:59:00,075 - Saving checkpoint to: logs/2022.11.16-135834/checkpoint.pth.tar
2022-11-16 13:59:00,145 - 

2022-11-16 13:59:00,146 - Training epoch: 5 samples (2 per mini-batch)
2022-11-16 13:59:00,642 - Epoch: [21][    3/    3]    Overall Loss 5.132808    Objective Loss 5.132808                                        LR 0.001000    Time 0.163723    
2022-11-16 13:59:00,681 - --- validate (epoch=21)-----------
2022-11-16 13:59:00,683 - 1 samples (2 per mini-batch)
2022-11-16 13:59:01,115 - Epoch: [21][    1/    1]    Loss 6.843699    mAP 0.000000    
2022-11-16 13:59:01,160 - ==> mAP: 0.00000    Loss: 6.844

2022-11-16 13:59:01,174 - ==> Best [mAP: 0.000000   vloss: 6.843699   Sparsity:0.00   Params: 303264 on epoch: 21]
2022-11-16 13:59:01,175 - Saving checkpoint to: logs/2022.11.16-135834/checkpoint.pth.tar
2022-11-16 13:59:01,242 - 

2022-11-16 13:59:01,243 - Training epoch: 5 samples (2 per mini-batch)
2022-11-16 13:59:01,707 - Epoch: [22][    3/    3]    Overall Loss 5.314125    Objective Loss 5.314125                                        LR 0.001000    Time 0.153389    
2022-11-16 13:59:01,747 - --- validate (epoch=22)-----------
2022-11-16 13:59:01,747 - 1 samples (2 per mini-batch)
2022-11-16 13:59:02,167 - Epoch: [22][    1/    1]    Loss 6.842725    mAP 0.000000    
2022-11-16 13:59:02,206 - ==> mAP: 0.00000    Loss: 6.843

2022-11-16 13:59:02,214 - ==> Best [mAP: 0.000000   vloss: 6.842725   Sparsity:0.00   Params: 303264 on epoch: 22]
2022-11-16 13:59:02,216 - Saving checkpoint to: logs/2022.11.16-135834/checkpoint.pth.tar
2022-11-16 13:59:02,279 - 

2022-11-16 13:59:02,280 - Training epoch: 5 samples (2 per mini-batch)
2022-11-16 13:59:02,844 - Epoch: [23][    3/    3]    Overall Loss 5.025142    Objective Loss 5.025142                                        LR 0.001000    Time 0.186587    
2022-11-16 13:59:02,909 - --- validate (epoch=23)-----------
2022-11-16 13:59:02,910 - 1 samples (2 per mini-batch)
2022-11-16 13:59:03,400 - Epoch: [23][    1/    1]    Loss 6.841853    mAP 0.000000    
2022-11-16 13:59:03,444 - ==> mAP: 0.00000    Loss: 6.842

2022-11-16 13:59:03,457 - ==> Best [mAP: 0.000000   vloss: 6.841853   Sparsity:0.00   Params: 303264 on epoch: 23]
2022-11-16 13:59:03,458 - Saving checkpoint to: logs/2022.11.16-135834/checkpoint.pth.tar
2022-11-16 13:59:03,535 - 

2022-11-16 13:59:03,536 - Training epoch: 5 samples (2 per mini-batch)
2022-11-16 13:59:04,038 - Epoch: [24][    3/    3]    Overall Loss 4.738229    Objective Loss 4.738229                                        LR 0.001000    Time 0.166081    
2022-11-16 13:59:04,076 - --- validate (epoch=24)-----------
2022-11-16 13:59:04,078 - 1 samples (2 per mini-batch)
2022-11-16 13:59:04,473 - Epoch: [24][    1/    1]    Loss 6.841058    mAP 0.000000    
2022-11-16 13:59:04,530 - ==> mAP: 0.00000    Loss: 6.841

2022-11-16 13:59:04,546 - ==> Best [mAP: 0.000000   vloss: 6.841058   Sparsity:0.00   Params: 303264 on epoch: 24]
2022-11-16 13:59:04,546 - Saving checkpoint to: logs/2022.11.16-135834/checkpoint.pth.tar
2022-11-16 13:59:04,749 - 

2022-11-16 13:59:04,750 - Training epoch: 5 samples (2 per mini-batch)
2022-11-16 13:59:05,424 - Epoch: [25][    3/    3]    Overall Loss 5.799043    Objective Loss 5.799043                                        LR 0.001000    Time 0.223600    
2022-11-16 13:59:05,474 - --- validate (epoch=25)-----------
2022-11-16 13:59:05,475 - 1 samples (2 per mini-batch)
2022-11-16 13:59:06,049 - Epoch: [25][    1/    1]    Loss 6.857263    mAP 0.000000    
2022-11-16 13:59:06,130 - ==> mAP: 0.00000    Loss: 6.857

2022-11-16 13:59:06,150 - ==> Best [mAP: 0.000000   vloss: 6.857263   Sparsity:0.00   Params: 303264 on epoch: 25]
2022-11-16 13:59:06,152 - Saving checkpoint to: logs/2022.11.16-135834/qat_checkpoint.pth.tar
2022-11-16 13:59:06,207 - 

2022-11-16 13:59:06,209 - Training epoch: 5 samples (2 per mini-batch)
2022-11-16 13:59:06,889 - Epoch: [26][    3/    3]    Overall Loss 5.802447    Objective Loss 5.802447                                        LR 0.001000    Time 0.225733    
2022-11-16 13:59:06,924 - --- validate (epoch=26)-----------
2022-11-16 13:59:06,925 - 1 samples (2 per mini-batch)
2022-11-16 13:59:07,303 - Epoch: [26][    1/    1]    Loss 6.849641    mAP 0.000000    
2022-11-16 13:59:07,331 - ==> mAP: 0.00000    Loss: 6.850

2022-11-16 13:59:07,338 - ==> Best [mAP: 0.000000   vloss: 6.849641   Sparsity:0.00   Params: 303264 on epoch: 26]
2022-11-16 13:59:07,340 - Saving checkpoint to: logs/2022.11.16-135834/qat_checkpoint.pth.tar
2022-11-16 13:59:07,386 - 

2022-11-16 13:59:07,386 - Training epoch: 5 samples (2 per mini-batch)
2022-11-16 13:59:07,988 - Epoch: [27][    3/    3]    Overall Loss 6.095210    Objective Loss 6.095210                                        LR 0.001000    Time 0.199583    
2022-11-16 13:59:08,033 - --- validate (epoch=27)-----------
2022-11-16 13:59:08,035 - 1 samples (2 per mini-batch)
2022-11-16 13:59:08,492 - Epoch: [27][    1/    1]    Loss 6.840992    mAP 0.000000    
2022-11-16 13:59:08,525 - ==> mAP: 0.00000    Loss: 6.841

2022-11-16 13:59:08,536 - ==> Best [mAP: 0.000000   vloss: 6.840992   Sparsity:0.00   Params: 303264 on epoch: 27]
2022-11-16 13:59:08,537 - Saving checkpoint to: logs/2022.11.16-135834/qat_checkpoint.pth.tar
2022-11-16 13:59:08,578 - 

2022-11-16 13:59:08,579 - Training epoch: 5 samples (2 per mini-batch)
2022-11-16 13:59:09,104 - Epoch: [28][    3/    3]    Overall Loss 5.896858    Objective Loss 5.896858                                        LR 0.001000    Time 0.173815    
2022-11-16 13:59:09,149 - --- validate (epoch=28)-----------
2022-11-16 13:59:09,150 - 1 samples (2 per mini-batch)
2022-11-16 13:59:09,514 - Epoch: [28][    1/    1]    Loss 6.835241    mAP 0.000000    
2022-11-16 13:59:09,544 - ==> mAP: 0.00000    Loss: 6.835

2022-11-16 13:59:09,555 - ==> Best [mAP: 0.000000   vloss: 6.835241   Sparsity:0.00   Params: 303264 on epoch: 28]
2022-11-16 13:59:09,555 - Saving checkpoint to: logs/2022.11.16-135834/qat_checkpoint.pth.tar
2022-11-16 13:59:09,597 - 

2022-11-16 13:59:09,598 - Training epoch: 5 samples (2 per mini-batch)
2022-11-16 13:59:10,174 - Epoch: [29][    3/    3]    Overall Loss 6.093519    Objective Loss 6.093519                                        LR 0.001000    Time 0.190290    
2022-11-16 13:59:10,210 - --- validate (epoch=29)-----------
2022-11-16 13:59:10,211 - 1 samples (2 per mini-batch)
2022-11-16 13:59:10,616 - Epoch: [29][    1/    1]    Loss 6.832973    mAP 0.000000    
2022-11-16 13:59:10,657 - ==> mAP: 0.00000    Loss: 6.833

2022-11-16 13:59:10,667 - ==> Best [mAP: 0.000000   vloss: 6.832973   Sparsity:0.00   Params: 303264 on epoch: 29]
2022-11-16 13:59:10,667 - Saving checkpoint to: logs/2022.11.16-135834/qat_checkpoint.pth.tar
2022-11-16 13:59:10,710 - 

2022-11-16 13:59:10,711 - Training epoch: 5 samples (2 per mini-batch)
2022-11-16 13:59:11,223 - Epoch: [30][    3/    3]    Overall Loss 5.881768    Objective Loss 5.881768                                        LR 0.001000    Time 0.169431    
2022-11-16 13:59:11,253 - --- validate (epoch=30)-----------
2022-11-16 13:59:11,256 - 1 samples (2 per mini-batch)
2022-11-16 13:59:11,626 - Epoch: [30][    1/    1]    Loss 6.829101    mAP 0.000000    
2022-11-16 13:59:11,658 - ==> mAP: 0.00000    Loss: 6.829

2022-11-16 13:59:11,669 - ==> Best [mAP: 0.000000   vloss: 6.829101   Sparsity:0.00   Params: 303264 on epoch: 30]
2022-11-16 13:59:11,670 - Saving checkpoint to: logs/2022.11.16-135834/qat_checkpoint.pth.tar
2022-11-16 13:59:11,711 - 

2022-11-16 13:59:11,712 - Training epoch: 5 samples (2 per mini-batch)
2022-11-16 13:59:12,237 - Epoch: [31][    3/    3]    Overall Loss 5.753591    Objective Loss 5.753591                                        LR 0.001000    Time 0.173801    
2022-11-16 13:59:12,264 - --- validate (epoch=31)-----------
2022-11-16 13:59:12,266 - 1 samples (2 per mini-batch)
2022-11-16 13:59:12,636 - Epoch: [31][    1/    1]    Loss 6.825369    mAP 0.000000    
2022-11-16 13:59:12,664 - ==> mAP: 0.00000    Loss: 6.825

2022-11-16 13:59:12,676 - ==> Best [mAP: 0.000000   vloss: 6.825369   Sparsity:0.00   Params: 303264 on epoch: 31]
2022-11-16 13:59:12,676 - Saving checkpoint to: logs/2022.11.16-135834/qat_checkpoint.pth.tar
2022-11-16 13:59:12,725 - 

2022-11-16 13:59:12,726 - Training epoch: 5 samples (2 per mini-batch)
2022-11-16 13:59:13,371 - Epoch: [32][    3/    3]    Overall Loss 5.619286    Objective Loss 5.619286                                        LR 0.001000    Time 0.213746    
2022-11-16 13:59:13,412 - --- validate (epoch=32)-----------
2022-11-16 13:59:13,413 - 1 samples (2 per mini-batch)
2022-11-16 13:59:13,845 - Epoch: [32][    1/    1]    Loss 6.820858    mAP 0.000000    
2022-11-16 13:59:13,884 - ==> mAP: 0.00000    Loss: 6.821

2022-11-16 13:59:13,894 - ==> Best [mAP: 0.000000   vloss: 6.820858   Sparsity:0.00   Params: 303264 on epoch: 32]
2022-11-16 13:59:13,895 - Saving checkpoint to: logs/2022.11.16-135834/qat_checkpoint.pth.tar
2022-11-16 13:59:13,954 - 

2022-11-16 13:59:13,954 - Training epoch: 5 samples (2 per mini-batch)
2022-11-16 13:59:14,502 - Epoch: [33][    3/    3]    Overall Loss 5.714589    Objective Loss 5.714589                                        LR 0.001000    Time 0.181575    
2022-11-16 13:59:14,538 - --- validate (epoch=33)-----------
2022-11-16 13:59:14,539 - 1 samples (2 per mini-batch)
2022-11-16 13:59:15,003 - Epoch: [33][    1/    1]    Loss 6.811193    mAP 0.000000    
2022-11-16 13:59:15,041 - ==> mAP: 0.00000    Loss: 6.811

2022-11-16 13:59:15,048 - ==> Best [mAP: 0.000000   vloss: 6.811193   Sparsity:0.00   Params: 303264 on epoch: 33]
2022-11-16 13:59:15,049 - Saving checkpoint to: logs/2022.11.16-135834/qat_checkpoint.pth.tar
2022-11-16 13:59:15,096 - 

2022-11-16 13:59:15,096 - Training epoch: 5 samples (2 per mini-batch)
2022-11-16 13:59:15,713 - Epoch: [34][    3/    3]    Overall Loss 6.045541    Objective Loss 6.045541                                        LR 0.001000    Time 0.203110    
2022-11-16 13:59:15,746 - --- validate (epoch=34)-----------
2022-11-16 13:59:15,747 - 1 samples (2 per mini-batch)
2022-11-16 13:59:16,286 - Epoch: [34][    1/    1]    Loss 6.805764    mAP 0.000000    
2022-11-16 13:59:16,328 - ==> mAP: 0.00000    Loss: 6.806

2022-11-16 13:59:16,341 - ==> Best [mAP: 0.000000   vloss: 6.805764   Sparsity:0.00   Params: 303264 on epoch: 34]
2022-11-16 13:59:16,346 - Saving checkpoint to: logs/2022.11.16-135834/qat_checkpoint.pth.tar
2022-11-16 13:59:16,407 - 

2022-11-16 13:59:16,407 - Training epoch: 5 samples (2 per mini-batch)
2022-11-16 13:59:17,083 - Epoch: [35][    3/    3]    Overall Loss 5.592462    Objective Loss 5.592462                                        LR 0.001000    Time 0.223952    
2022-11-16 13:59:17,126 - --- validate (epoch=35)-----------
2022-11-16 13:59:17,126 - 1 samples (2 per mini-batch)
2022-11-16 13:59:17,766 - Epoch: [35][    1/    1]    Loss 6.806890    mAP 0.000000    
2022-11-16 13:59:17,812 - ==> mAP: 0.00000    Loss: 6.807

2022-11-16 13:59:17,823 - ==> Best [mAP: 0.000000   vloss: 6.805764   Sparsity:0.00   Params: 303264 on epoch: 34]
2022-11-16 13:59:17,824 - Saving checkpoint to: logs/2022.11.16-135834/qat_checkpoint.pth.tar
2022-11-16 13:59:17,878 - 

2022-11-16 13:59:17,879 - Training epoch: 5 samples (2 per mini-batch)
2022-11-16 13:59:18,485 - Epoch: [36][    3/    3]    Overall Loss 5.563082    Objective Loss 5.563082                                        LR 0.001000    Time 0.199699    
2022-11-16 13:59:18,514 - --- validate (epoch=36)-----------
2022-11-16 13:59:18,518 - 1 samples (2 per mini-batch)
2022-11-16 13:59:19,101 - Epoch: [36][    1/    1]    Loss 6.803406    mAP 0.000000    
2022-11-16 13:59:19,146 - ==> mAP: 0.00000    Loss: 6.803

2022-11-16 13:59:19,164 - ==> Best [mAP: 0.000000   vloss: 6.803406   Sparsity:0.00   Params: 303264 on epoch: 36]
2022-11-16 13:59:19,168 - Saving checkpoint to: logs/2022.11.16-135834/qat_checkpoint.pth.tar
2022-11-16 13:59:19,243 - 

2022-11-16 13:59:19,243 - Training epoch: 5 samples (2 per mini-batch)
2022-11-16 13:59:19,900 - Epoch: [37][    3/    3]    Overall Loss 6.006211    Objective Loss 6.006211                                        LR 0.001000    Time 0.217489    
2022-11-16 13:59:19,946 - --- validate (epoch=37)-----------
2022-11-16 13:59:19,949 - 1 samples (2 per mini-batch)
2022-11-16 13:59:20,527 - Epoch: [37][    1/    1]    Loss 6.801311    mAP 0.000000    
2022-11-16 13:59:20,606 - ==> mAP: 0.00000    Loss: 6.801

2022-11-16 13:59:20,616 - ==> Best [mAP: 0.000000   vloss: 6.801311   Sparsity:0.00   Params: 303264 on epoch: 37]
2022-11-16 13:59:20,617 - Saving checkpoint to: logs/2022.11.16-135834/qat_checkpoint.pth.tar
2022-11-16 13:59:20,692 - 

2022-11-16 13:59:20,692 - Training epoch: 5 samples (2 per mini-batch)
2022-11-16 13:59:21,509 - Epoch: [38][    3/    3]    Overall Loss 5.547295    Objective Loss 5.547295                                        LR 0.001000    Time 0.270973    
2022-11-16 13:59:21,589 - --- validate (epoch=38)-----------
2022-11-16 13:59:21,590 - 1 samples (2 per mini-batch)
2022-11-16 13:59:22,138 - Epoch: [38][    1/    1]    Loss 6.792643    mAP 0.000000    
2022-11-16 13:59:22,222 - ==> mAP: 0.00000    Loss: 6.793

2022-11-16 13:59:22,232 - ==> Best [mAP: 0.000000   vloss: 6.792643   Sparsity:0.00   Params: 303264 on epoch: 38]
2022-11-16 13:59:22,233 - Saving checkpoint to: logs/2022.11.16-135834/qat_checkpoint.pth.tar
2022-11-16 13:59:22,300 - 

2022-11-16 13:59:22,301 - Training epoch: 5 samples (2 per mini-batch)
2022-11-16 13:59:23,031 - Epoch: [39][    3/    3]    Overall Loss 5.536708    Objective Loss 5.536708                                        LR 0.001000    Time 0.240851    
2022-11-16 13:59:23,080 - --- validate (epoch=39)-----------
2022-11-16 13:59:23,081 - 1 samples (2 per mini-batch)
2022-11-16 13:59:23,608 - Epoch: [39][    1/    1]    Loss 6.787277    mAP 0.000000    
2022-11-16 13:59:23,707 - ==> mAP: 0.00000    Loss: 6.787

2022-11-16 13:59:23,740 - ==> Best [mAP: 0.000000   vloss: 6.787277   Sparsity:0.00   Params: 303264 on epoch: 39]
2022-11-16 13:59:23,742 - Saving checkpoint to: logs/2022.11.16-135834/qat_checkpoint.pth.tar
2022-11-16 13:59:23,810 - 

2022-11-16 13:59:23,811 - Training epoch: 5 samples (2 per mini-batch)
2022-11-16 13:59:24,485 - Epoch: [40][    3/    3]    Overall Loss 5.592347    Objective Loss 5.592347                                        LR 0.001000    Time 0.221890    
2022-11-16 13:59:24,513 - --- validate (epoch=40)-----------
2022-11-16 13:59:24,514 - 1 samples (2 per mini-batch)
2022-11-16 13:59:25,145 - Epoch: [40][    1/    1]    Loss 6.781207    mAP 0.000000    
2022-11-16 13:59:25,216 - ==> mAP: 0.00000    Loss: 6.781

2022-11-16 13:59:25,235 - ==> Best [mAP: 0.000000   vloss: 6.781207   Sparsity:0.00   Params: 303264 on epoch: 40]
2022-11-16 13:59:25,235 - Saving checkpoint to: logs/2022.11.16-135834/qat_checkpoint.pth.tar
2022-11-16 13:59:25,323 - 

2022-11-16 13:59:25,324 - Training epoch: 5 samples (2 per mini-batch)
2022-11-16 13:59:25,866 - Epoch: [41][    3/    3]    Overall Loss 5.535434    Objective Loss 5.535434                                        LR 0.001000    Time 0.179358    
2022-11-16 13:59:25,895 - --- validate (epoch=41)-----------
2022-11-16 13:59:25,896 - 1 samples (2 per mini-batch)
2022-11-16 13:59:26,335 - Epoch: [41][    1/    1]    Loss 6.781791    mAP 0.000000    
2022-11-16 13:59:26,378 - ==> mAP: 0.00000    Loss: 6.782

2022-11-16 13:59:26,393 - ==> Best [mAP: 0.000000   vloss: 6.781207   Sparsity:0.00   Params: 303264 on epoch: 40]
2022-11-16 13:59:26,394 - Saving checkpoint to: logs/2022.11.16-135834/qat_checkpoint.pth.tar
2022-11-16 13:59:26,450 - 

2022-11-16 13:59:26,451 - Training epoch: 5 samples (2 per mini-batch)
2022-11-16 13:59:26,977 - Epoch: [42][    3/    3]    Overall Loss 5.798654    Objective Loss 5.798654                                        LR 0.001000    Time 0.173236    
2022-11-16 13:59:27,012 - --- validate (epoch=42)-----------
2022-11-16 13:59:27,013 - 1 samples (2 per mini-batch)
2022-11-16 13:59:27,467 - Epoch: [42][    1/    1]    Loss 6.781697    mAP 0.000000    
2022-11-16 13:59:27,498 - ==> mAP: 0.00000    Loss: 6.782

2022-11-16 13:59:27,509 - ==> Best [mAP: 0.000000   vloss: 6.781207   Sparsity:0.00   Params: 303264 on epoch: 40]
2022-11-16 13:59:27,509 - Saving checkpoint to: logs/2022.11.16-135834/qat_checkpoint.pth.tar
2022-11-16 13:59:27,538 - 

2022-11-16 13:59:27,539 - Training epoch: 5 samples (2 per mini-batch)
2022-11-16 13:59:27,995 - Epoch: [43][    3/    3]    Overall Loss 5.566720    Objective Loss 5.566720                                        LR 0.001000    Time 0.150912    
2022-11-16 13:59:28,017 - --- validate (epoch=43)-----------
2022-11-16 13:59:28,018 - 1 samples (2 per mini-batch)
2022-11-16 13:59:28,360 - Epoch: [43][    1/    1]    Loss 6.774585    mAP 0.000000    
2022-11-16 13:59:28,391 - ==> mAP: 0.00000    Loss: 6.775

2022-11-16 13:59:28,401 - ==> Best [mAP: 0.000000   vloss: 6.774585   Sparsity:0.00   Params: 303264 on epoch: 43]
2022-11-16 13:59:28,402 - Saving checkpoint to: logs/2022.11.16-135834/qat_checkpoint.pth.tar
2022-11-16 13:59:28,439 - 

2022-11-16 13:59:28,440 - Training epoch: 5 samples (2 per mini-batch)
2022-11-16 13:59:28,916 - Epoch: [44][    3/    3]    Overall Loss 5.631325    Objective Loss 5.631325                                        LR 0.001000    Time 0.157779    
2022-11-16 13:59:28,953 - --- validate (epoch=44)-----------
2022-11-16 13:59:28,955 - 1 samples (2 per mini-batch)
2022-11-16 13:59:29,376 - Epoch: [44][    1/    1]    Loss 6.770629    mAP 0.000000    
2022-11-16 13:59:29,407 - ==> mAP: 0.00000    Loss: 6.771

2022-11-16 13:59:29,416 - ==> Best [mAP: 0.000000   vloss: 6.770629   Sparsity:0.00   Params: 303264 on epoch: 44]
2022-11-16 13:59:29,416 - Saving checkpoint to: logs/2022.11.16-135834/qat_checkpoint.pth.tar
2022-11-16 13:59:29,459 - 

2022-11-16 13:59:29,460 - Training epoch: 5 samples (2 per mini-batch)
2022-11-16 13:59:29,974 - Epoch: [45][    3/    3]    Overall Loss 5.624884    Objective Loss 5.624884                                        LR 0.001000    Time 0.170268    
2022-11-16 13:59:30,013 - --- validate (epoch=45)-----------
2022-11-16 13:59:30,014 - 1 samples (2 per mini-batch)
2022-11-16 13:59:30,454 - Epoch: [45][    1/    1]    Loss 6.767691    mAP 0.000000    
2022-11-16 13:59:30,493 - ==> mAP: 0.00000    Loss: 6.768

2022-11-16 13:59:30,504 - ==> Best [mAP: 0.000000   vloss: 6.767691   Sparsity:0.00   Params: 303264 on epoch: 45]
2022-11-16 13:59:30,504 - Saving checkpoint to: logs/2022.11.16-135834/qat_checkpoint.pth.tar
2022-11-16 13:59:30,551 - 

2022-11-16 13:59:30,553 - Training epoch: 5 samples (2 per mini-batch)
2022-11-16 13:59:31,090 - Epoch: [46][    3/    3]    Overall Loss 5.940732    Objective Loss 5.940732                                        LR 0.001000    Time 0.177821    
2022-11-16 13:59:31,124 - --- validate (epoch=46)-----------
2022-11-16 13:59:31,125 - 1 samples (2 per mini-batch)
2022-11-16 13:59:31,499 - Epoch: [46][    1/    1]    Loss 6.765824    mAP 0.000000    
2022-11-16 13:59:31,523 - ==> mAP: 0.00000    Loss: 6.766

2022-11-16 13:59:31,537 - ==> Best [mAP: 0.000000   vloss: 6.765824   Sparsity:0.00   Params: 303264 on epoch: 46]
2022-11-16 13:59:31,538 - Saving checkpoint to: logs/2022.11.16-135834/qat_checkpoint.pth.tar
2022-11-16 13:59:31,578 - 

2022-11-16 13:59:31,578 - Training epoch: 5 samples (2 per mini-batch)
2022-11-16 13:59:32,085 - Epoch: [47][    3/    3]    Overall Loss 5.506817    Objective Loss 5.506817                                        LR 0.001000    Time 0.167937    
2022-11-16 13:59:32,116 - --- validate (epoch=47)-----------
2022-11-16 13:59:32,116 - 1 samples (2 per mini-batch)
2022-11-16 13:59:32,486 - Epoch: [47][    1/    1]    Loss 6.762750    mAP 0.000000    
2022-11-16 13:59:32,515 - ==> mAP: 0.00000    Loss: 6.763

2022-11-16 13:59:32,525 - ==> Best [mAP: 0.000000   vloss: 6.762750   Sparsity:0.00   Params: 303264 on epoch: 47]
2022-11-16 13:59:32,525 - Saving checkpoint to: logs/2022.11.16-135834/qat_checkpoint.pth.tar
2022-11-16 13:59:32,572 - 

2022-11-16 13:59:32,572 - Training epoch: 5 samples (2 per mini-batch)
2022-11-16 13:59:33,134 - Epoch: [48][    3/    3]    Overall Loss 5.742427    Objective Loss 5.742427                                        LR 0.001000    Time 0.186297    
2022-11-16 13:59:33,164 - --- validate (epoch=48)-----------
2022-11-16 13:59:33,165 - 1 samples (2 per mini-batch)
2022-11-16 13:59:33,578 - Epoch: [48][    1/    1]    Loss 6.757179    mAP 0.000000    
2022-11-16 13:59:33,632 - ==> mAP: 0.00000    Loss: 6.757

2022-11-16 13:59:33,646 - ==> Best [mAP: 0.000000   vloss: 6.757179   Sparsity:0.00   Params: 303264 on epoch: 48]
2022-11-16 13:59:33,647 - Saving checkpoint to: logs/2022.11.16-135834/qat_checkpoint.pth.tar
2022-11-16 13:59:33,702 - 

2022-11-16 13:59:33,703 - Training epoch: 5 samples (2 per mini-batch)
2022-11-16 13:59:34,474 - Epoch: [49][    3/    3]    Overall Loss 5.613339    Objective Loss 5.613339                                        LR 0.001000    Time 0.255533    
2022-11-16 13:59:34,537 - --- validate (epoch=49)-----------
2022-11-16 13:59:34,538 - 1 samples (2 per mini-batch)
2022-11-16 13:59:35,026 - Epoch: [49][    1/    1]    Loss 6.755344    mAP 0.000000    
2022-11-16 13:59:35,058 - ==> mAP: 0.00000    Loss: 6.755

2022-11-16 13:59:35,070 - ==> Best [mAP: 0.000000   vloss: 6.755344   Sparsity:0.00   Params: 303264 on epoch: 49]
2022-11-16 13:59:35,070 - Saving checkpoint to: logs/2022.11.16-135834/qat_checkpoint.pth.tar
2022-11-16 13:59:35,126 - 

2022-11-16 13:59:35,127 - Training epoch: 5 samples (2 per mini-batch)
2022-11-16 13:59:35,724 - Epoch: [50][    3/    3]    Overall Loss 5.486779    Objective Loss 5.486779                                        LR 0.001000    Time 0.197526    
2022-11-16 13:59:35,763 - --- validate (epoch=50)-----------
2022-11-16 13:59:35,764 - 1 samples (2 per mini-batch)
2022-11-16 13:59:36,137 - Epoch: [50][    1/    1]    Loss 6.755299    mAP 0.000000    
2022-11-16 13:59:36,171 - ==> mAP: 0.00000    Loss: 6.755

2022-11-16 13:59:36,180 - ==> Best [mAP: 0.000000   vloss: 6.755299   Sparsity:0.00   Params: 303264 on epoch: 50]
2022-11-16 13:59:36,181 - Saving checkpoint to: logs/2022.11.16-135834/qat_checkpoint.pth.tar
2022-11-16 13:59:36,230 - 

2022-11-16 13:59:36,231 - Training epoch: 5 samples (2 per mini-batch)
2022-11-16 13:59:36,832 - Epoch: [51][    3/    3]    Overall Loss 5.930851    Objective Loss 5.930851                                        LR 0.001000    Time 0.198619    
2022-11-16 13:59:36,868 - --- validate (epoch=51)-----------
2022-11-16 13:59:36,871 - 1 samples (2 per mini-batch)
2022-11-16 13:59:37,297 - Epoch: [51][    1/    1]    Loss 6.750677    mAP 0.000000    
2022-11-16 13:59:37,328 - ==> mAP: 0.00000    Loss: 6.751

2022-11-16 13:59:37,342 - ==> Best [mAP: 0.000000   vloss: 6.750677   Sparsity:0.00   Params: 303264 on epoch: 51]
2022-11-16 13:59:37,342 - Saving checkpoint to: logs/2022.11.16-135834/qat_checkpoint.pth.tar
2022-11-16 13:59:37,390 - 

2022-11-16 13:59:37,391 - Training epoch: 5 samples (2 per mini-batch)
2022-11-16 13:59:38,044 - Epoch: [52][    3/    3]    Overall Loss 5.635323    Objective Loss 5.635323                                        LR 0.001000    Time 0.216486    
2022-11-16 13:59:38,084 - --- validate (epoch=52)-----------
2022-11-16 13:59:38,085 - 1 samples (2 per mini-batch)
2022-11-16 13:59:38,531 - Epoch: [52][    1/    1]    Loss 6.747995    mAP 0.000000    
2022-11-16 13:59:38,570 - ==> mAP: 0.00000    Loss: 6.748

2022-11-16 13:59:38,586 - ==> Best [mAP: 0.000000   vloss: 6.747995   Sparsity:0.00   Params: 303264 on epoch: 52]
2022-11-16 13:59:38,586 - Saving checkpoint to: logs/2022.11.16-135834/qat_checkpoint.pth.tar
2022-11-16 13:59:38,666 - 

2022-11-16 13:59:38,667 - Training epoch: 5 samples (2 per mini-batch)
2022-11-16 13:59:39,408 - Epoch: [53][    3/    3]    Overall Loss 5.891798    Objective Loss 5.891798                                        LR 0.001000    Time 0.244941    
2022-11-16 13:59:39,446 - --- validate (epoch=53)-----------
2022-11-16 13:59:39,447 - 1 samples (2 per mini-batch)
2022-11-16 13:59:39,936 - Epoch: [53][    1/    1]    Loss 6.744303    mAP 0.000000    
2022-11-16 13:59:39,976 - ==> mAP: 0.00000    Loss: 6.744

2022-11-16 13:59:39,987 - ==> Best [mAP: 0.000000   vloss: 6.744303   Sparsity:0.00   Params: 303264 on epoch: 53]
2022-11-16 13:59:39,987 - Saving checkpoint to: logs/2022.11.16-135834/qat_checkpoint.pth.tar
2022-11-16 13:59:40,041 - 

2022-11-16 13:59:40,041 - Training epoch: 5 samples (2 per mini-batch)
2022-11-16 13:59:40,628 - Epoch: [54][    3/    3]    Overall Loss 5.439287    Objective Loss 5.439287                                        LR 0.001000    Time 0.194377    
2022-11-16 13:59:40,674 - --- validate (epoch=54)-----------
2022-11-16 13:59:40,675 - 1 samples (2 per mini-batch)
2022-11-16 13:59:41,119 - Epoch: [54][    1/    1]    Loss 6.741635    mAP 0.000000    
2022-11-16 13:59:41,154 - ==> mAP: 0.00000    Loss: 6.742

2022-11-16 13:59:41,164 - ==> Best [mAP: 0.000000   vloss: 6.741635   Sparsity:0.00   Params: 303264 on epoch: 54]
2022-11-16 13:59:41,164 - Saving checkpoint to: logs/2022.11.16-135834/qat_checkpoint.pth.tar
2022-11-16 13:59:41,217 - 

2022-11-16 13:59:41,218 - Training epoch: 5 samples (2 per mini-batch)
2022-11-16 13:59:41,747 - Epoch: [55][    3/    3]    Overall Loss 5.434039    Objective Loss 5.434039                                        LR 0.001000    Time 0.175089    
2022-11-16 13:59:41,780 - --- validate (epoch=55)-----------
2022-11-16 13:59:41,781 - 1 samples (2 per mini-batch)
2022-11-16 13:59:42,213 - Epoch: [55][    1/    1]    Loss 6.742153    mAP 0.000000    
2022-11-16 13:59:42,254 - ==> mAP: 0.00000    Loss: 6.742

2022-11-16 13:59:42,268 - ==> Best [mAP: 0.000000   vloss: 6.741635   Sparsity:0.00   Params: 303264 on epoch: 54]
2022-11-16 13:59:42,268 - Saving checkpoint to: logs/2022.11.16-135834/qat_checkpoint.pth.tar
2022-11-16 13:59:42,303 - 

2022-11-16 13:59:42,304 - Training epoch: 5 samples (2 per mini-batch)
2022-11-16 13:59:42,855 - Epoch: [56][    3/    3]    Overall Loss 5.447755    Objective Loss 5.447755                                        LR 0.001000    Time 0.182429    
2022-11-16 13:59:42,907 - --- validate (epoch=56)-----------
2022-11-16 13:59:42,907 - 1 samples (2 per mini-batch)
2022-11-16 13:59:43,373 - Epoch: [56][    1/    1]    Loss 6.738625    mAP 0.000000    
2022-11-16 13:59:43,416 - ==> mAP: 0.00000    Loss: 6.739

2022-11-16 13:59:43,425 - ==> Best [mAP: 0.000000   vloss: 6.738625   Sparsity:0.00   Params: 303264 on epoch: 56]
2022-11-16 13:59:43,425 - Saving checkpoint to: logs/2022.11.16-135834/qat_checkpoint.pth.tar
2022-11-16 13:59:43,474 - 

2022-11-16 13:59:43,475 - Training epoch: 5 samples (2 per mini-batch)
2022-11-16 13:59:44,046 - Epoch: [57][    3/    3]    Overall Loss 5.669862    Objective Loss 5.669862                                        LR 0.001000    Time 0.189387    
2022-11-16 13:59:44,083 - --- validate (epoch=57)-----------
2022-11-16 13:59:44,084 - 1 samples (2 per mini-batch)
2022-11-16 13:59:44,571 - Epoch: [57][    1/    1]    Loss 6.734735    mAP 0.000000    
2022-11-16 13:59:44,610 - ==> mAP: 0.00000    Loss: 6.735

2022-11-16 13:59:44,621 - ==> Best [mAP: 0.000000   vloss: 6.734735   Sparsity:0.00   Params: 303264 on epoch: 57]
2022-11-16 13:59:44,621 - Saving checkpoint to: logs/2022.11.16-135834/qat_checkpoint.pth.tar
2022-11-16 13:59:44,668 - 

2022-11-16 13:59:44,669 - Training epoch: 5 samples (2 per mini-batch)
2022-11-16 13:59:45,253 - Epoch: [58][    3/    3]    Overall Loss 5.662404    Objective Loss 5.662404                                        LR 0.001000    Time 0.193418    
2022-11-16 13:59:45,282 - --- validate (epoch=58)-----------
2022-11-16 13:59:45,282 - 1 samples (2 per mini-batch)
2022-11-16 13:59:45,735 - Epoch: [58][    1/    1]    Loss 6.732280    mAP 0.000000    
2022-11-16 13:59:45,780 - ==> mAP: 0.00000    Loss: 6.732

2022-11-16 13:59:45,791 - ==> Best [mAP: 0.000000   vloss: 6.732280   Sparsity:0.00   Params: 303264 on epoch: 58]
2022-11-16 13:59:45,792 - Saving checkpoint to: logs/2022.11.16-135834/qat_checkpoint.pth.tar
2022-11-16 13:59:45,889 - 

2022-11-16 13:59:45,890 - Training epoch: 5 samples (2 per mini-batch)
2022-11-16 13:59:46,558 - Epoch: [59][    3/    3]    Overall Loss 5.409133    Objective Loss 5.409133                                        LR 0.001000    Time 0.221327    
2022-11-16 13:59:46,595 - --- validate (epoch=59)-----------
2022-11-16 13:59:46,596 - 1 samples (2 per mini-batch)
2022-11-16 13:59:47,086 - Epoch: [59][    1/    1]    Loss 6.731272    mAP 0.000000    
2022-11-16 13:59:47,129 - ==> mAP: 0.00000    Loss: 6.731

2022-11-16 13:59:47,139 - ==> Best [mAP: 0.000000   vloss: 6.731272   Sparsity:0.00   Params: 303264 on epoch: 59]
2022-11-16 13:59:47,139 - Saving checkpoint to: logs/2022.11.16-135834/qat_checkpoint.pth.tar
2022-11-16 13:59:47,199 - 

2022-11-16 13:59:47,200 - Training epoch: 5 samples (2 per mini-batch)
2022-11-16 13:59:47,838 - Epoch: [60][    3/    3]    Overall Loss 5.421635    Objective Loss 5.421635                                        LR 0.001000    Time 0.211316    
2022-11-16 13:59:47,878 - --- validate (epoch=60)-----------
2022-11-16 13:59:47,879 - 1 samples (2 per mini-batch)
2022-11-16 13:59:48,305 - Epoch: [60][    1/    1]    Loss 6.727931    mAP 0.000000    
2022-11-16 13:59:48,333 - ==> mAP: 0.00000    Loss: 6.728

2022-11-16 13:59:48,342 - ==> Best [mAP: 0.000000   vloss: 6.727931   Sparsity:0.00   Params: 303264 on epoch: 60]
2022-11-16 13:59:48,342 - Saving checkpoint to: logs/2022.11.16-135834/qat_checkpoint.pth.tar
2022-11-16 13:59:48,383 - 

2022-11-16 13:59:48,385 - Training epoch: 5 samples (2 per mini-batch)
2022-11-16 13:59:48,955 - Epoch: [61][    3/    3]    Overall Loss 5.526076    Objective Loss 5.526076                                        LR 0.001000    Time 0.188524    
2022-11-16 13:59:49,003 - --- validate (epoch=61)-----------
2022-11-16 13:59:49,004 - 1 samples (2 per mini-batch)
2022-11-16 13:59:49,491 - Epoch: [61][    1/    1]    Loss 6.723341    mAP 0.000000    
2022-11-16 13:59:49,563 - ==> mAP: 0.00000    Loss: 6.723

2022-11-16 13:59:49,585 - ==> Best [mAP: 0.000000   vloss: 6.723341   Sparsity:0.00   Params: 303264 on epoch: 61]
2022-11-16 13:59:49,585 - Saving checkpoint to: logs/2022.11.16-135834/qat_checkpoint.pth.tar
2022-11-16 13:59:49,645 - 

2022-11-16 13:59:49,647 - Training epoch: 5 samples (2 per mini-batch)
2022-11-16 13:59:50,516 - Epoch: [62][    3/    3]    Overall Loss 5.400800    Objective Loss 5.400800                                        LR 0.001000    Time 0.286265    
2022-11-16 13:59:50,588 - --- validate (epoch=62)-----------
2022-11-16 13:59:50,590 - 1 samples (2 per mini-batch)
2022-11-16 13:59:51,129 - Epoch: [62][    1/    1]    Loss 6.725082    mAP 0.000000    
2022-11-16 13:59:51,192 - ==> mAP: 0.00000    Loss: 6.725

2022-11-16 13:59:51,205 - ==> Best [mAP: 0.000000   vloss: 6.723341   Sparsity:0.00   Params: 303264 on epoch: 61]
2022-11-16 13:59:51,208 - Saving checkpoint to: logs/2022.11.16-135834/qat_checkpoint.pth.tar
2022-11-16 13:59:51,261 - 

2022-11-16 13:59:51,262 - Training epoch: 5 samples (2 per mini-batch)
2022-11-16 13:59:51,897 - Epoch: [63][    3/    3]    Overall Loss 5.841387    Objective Loss 5.841387                                        LR 0.001000    Time 0.208827    
2022-11-16 13:59:51,940 - --- validate (epoch=63)-----------
2022-11-16 13:59:51,940 - 1 samples (2 per mini-batch)
2022-11-16 13:59:52,499 - Epoch: [63][    1/    1]    Loss 6.719714    mAP 0.000000    
2022-11-16 13:59:52,538 - ==> mAP: 0.00000    Loss: 6.720

2022-11-16 13:59:52,554 - ==> Best [mAP: 0.000000   vloss: 6.719714   Sparsity:0.00   Params: 303264 on epoch: 63]
2022-11-16 13:59:52,555 - Saving checkpoint to: logs/2022.11.16-135834/qat_checkpoint.pth.tar
2022-11-16 13:59:52,608 - 

2022-11-16 13:59:52,608 - Training epoch: 5 samples (2 per mini-batch)
2022-11-16 13:59:53,199 - Epoch: [64][    3/    3]    Overall Loss 5.383293    Objective Loss 5.383293                                        LR 0.001000    Time 0.195893    
2022-11-16 13:59:53,245 - --- validate (epoch=64)-----------
2022-11-16 13:59:53,245 - 1 samples (2 per mini-batch)
2022-11-16 13:59:53,642 - Epoch: [64][    1/    1]    Loss 6.715230    mAP 0.000000    
2022-11-16 13:59:53,675 - ==> mAP: 0.00000    Loss: 6.715

2022-11-16 13:59:53,685 - ==> Best [mAP: 0.000000   vloss: 6.715230   Sparsity:0.00   Params: 303264 on epoch: 64]
2022-11-16 13:59:53,687 - Saving checkpoint to: logs/2022.11.16-135834/qat_checkpoint.pth.tar
2022-11-16 13:59:53,729 - 

2022-11-16 13:59:53,730 - Training epoch: 5 samples (2 per mini-batch)
2022-11-16 13:59:54,255 - Epoch: [65][    3/    3]    Overall Loss 5.832804    Objective Loss 5.832804                                        LR 0.001000    Time 0.173746    
2022-11-16 13:59:54,285 - --- validate (epoch=65)-----------
2022-11-16 13:59:54,286 - 1 samples (2 per mini-batch)
2022-11-16 13:59:54,690 - Epoch: [65][    1/    1]    Loss 6.714157    mAP 0.000000    
2022-11-16 13:59:54,731 - ==> mAP: 0.00000    Loss: 6.714

2022-11-16 13:59:54,743 - ==> Best [mAP: 0.000000   vloss: 6.714157   Sparsity:0.00   Params: 303264 on epoch: 65]
2022-11-16 13:59:54,743 - Saving checkpoint to: logs/2022.11.16-135834/qat_checkpoint.pth.tar
2022-11-16 13:59:54,785 - 

2022-11-16 13:59:54,787 - Training epoch: 5 samples (2 per mini-batch)
2022-11-16 13:59:55,373 - Epoch: [66][    3/    3]    Overall Loss 5.464845    Objective Loss 5.464845                                        LR 0.001000    Time 0.192853    
2022-11-16 13:59:55,407 - --- validate (epoch=66)-----------
2022-11-16 13:59:55,407 - 1 samples (2 per mini-batch)
2022-11-16 13:59:55,771 - Epoch: [66][    1/    1]    Loss 6.711774    mAP 0.000000    
2022-11-16 13:59:55,802 - ==> mAP: 0.00000    Loss: 6.712

2022-11-16 13:59:55,810 - ==> Best [mAP: 0.000000   vloss: 6.711774   Sparsity:0.00   Params: 303264 on epoch: 66]
2022-11-16 13:59:55,811 - Saving checkpoint to: logs/2022.11.16-135834/qat_checkpoint.pth.tar
2022-11-16 13:59:55,859 - 

2022-11-16 13:59:55,860 - Training epoch: 5 samples (2 per mini-batch)
2022-11-16 13:59:56,576 - Epoch: [67][    3/    3]    Overall Loss 5.351034    Objective Loss 5.351034                                        LR 0.001000    Time 0.237730    
2022-11-16 13:59:56,611 - --- validate (epoch=67)-----------
2022-11-16 13:59:56,611 - 1 samples (2 per mini-batch)
2022-11-16 13:59:57,197 - Epoch: [67][    1/    1]    Loss 6.708377    mAP 0.000000    
2022-11-16 13:59:57,252 - ==> mAP: 0.00000    Loss: 6.708

2022-11-16 13:59:57,262 - ==> Best [mAP: 0.000000   vloss: 6.708377   Sparsity:0.00   Params: 303264 on epoch: 67]
2022-11-16 13:59:57,262 - Saving checkpoint to: logs/2022.11.16-135834/qat_checkpoint.pth.tar
2022-11-16 13:59:57,327 - 

2022-11-16 13:59:57,327 - Training epoch: 5 samples (2 per mini-batch)
2022-11-16 13:59:57,985 - Epoch: [68][    3/    3]    Overall Loss 5.799843    Objective Loss 5.799843                                        LR 0.001000    Time 0.218039    
2022-11-16 13:59:58,026 - --- validate (epoch=68)-----------
2022-11-16 13:59:58,027 - 1 samples (2 per mini-batch)
2022-11-16 13:59:58,514 - Epoch: [68][    1/    1]    Loss 6.707879    mAP 0.000000    
2022-11-16 13:59:58,561 - ==> mAP: 0.00000    Loss: 6.708

2022-11-16 13:59:58,569 - ==> Best [mAP: 0.000000   vloss: 6.707879   Sparsity:0.00   Params: 303264 on epoch: 68]
2022-11-16 13:59:58,569 - Saving checkpoint to: logs/2022.11.16-135834/qat_checkpoint.pth.tar
2022-11-16 13:59:58,623 - 

2022-11-16 13:59:58,623 - Training epoch: 5 samples (2 per mini-batch)
2022-11-16 13:59:59,511 - Epoch: [69][    3/    3]    Overall Loss 5.596634    Objective Loss 5.596634                                        LR 0.001000    Time 0.294782    
2022-11-16 13:59:59,574 - --- validate (epoch=69)-----------
2022-11-16 13:59:59,574 - 1 samples (2 per mini-batch)
2022-11-16 14:00:00,210 - Epoch: [69][    1/    1]    Loss 6.707302    mAP 0.000000    
2022-11-16 14:00:00,279 - ==> mAP: 0.00000    Loss: 6.707

2022-11-16 14:00:00,295 - ==> Best [mAP: 0.000000   vloss: 6.707302   Sparsity:0.00   Params: 303264 on epoch: 69]
2022-11-16 14:00:00,297 - Saving checkpoint to: logs/2022.11.16-135834/qat_checkpoint.pth.tar
2022-11-16 14:00:00,368 - 

2022-11-16 14:00:00,369 - Training epoch: 5 samples (2 per mini-batch)
2022-11-16 14:00:01,085 - Epoch: [70][    3/    3]    Overall Loss 5.388625    Objective Loss 5.388625                                        LR 0.001000    Time 0.236873    
2022-11-16 14:00:01,132 - --- validate (epoch=70)-----------
2022-11-16 14:00:01,134 - 1 samples (2 per mini-batch)
2022-11-16 14:00:01,587 - Epoch: [70][    1/    1]    Loss 6.702445    mAP 0.000000    
2022-11-16 14:00:01,634 - ==> mAP: 0.00000    Loss: 6.702

2022-11-16 14:00:01,642 - ==> Best [mAP: 0.000000   vloss: 6.702445   Sparsity:0.00   Params: 303264 on epoch: 70]
2022-11-16 14:00:01,642 - Saving checkpoint to: logs/2022.11.16-135834/qat_checkpoint.pth.tar
2022-11-16 14:00:01,710 - 

2022-11-16 14:00:01,711 - Training epoch: 5 samples (2 per mini-batch)
2022-11-16 14:00:02,362 - Epoch: [71][    3/    3]    Overall Loss 5.442832    Objective Loss 5.442832                                        LR 0.001000    Time 0.214187    
2022-11-16 14:00:02,407 - --- validate (epoch=71)-----------
2022-11-16 14:00:02,407 - 1 samples (2 per mini-batch)
2022-11-16 14:00:02,817 - Epoch: [71][    1/    1]    Loss 6.701484    mAP 0.000000    
2022-11-16 14:00:02,853 - ==> mAP: 0.00000    Loss: 6.701

2022-11-16 14:00:02,860 - ==> Best [mAP: 0.000000   vloss: 6.701484   Sparsity:0.00   Params: 303264 on epoch: 71]
2022-11-16 14:00:02,860 - Saving checkpoint to: logs/2022.11.16-135834/qat_checkpoint.pth.tar
2022-11-16 14:00:02,907 - 

2022-11-16 14:00:02,908 - Training epoch: 5 samples (2 per mini-batch)
2022-11-16 14:00:03,460 - Epoch: [72][    3/    3]    Overall Loss 5.415063    Objective Loss 5.415063                                        LR 0.001000    Time 0.183115    
2022-11-16 14:00:03,522 - --- validate (epoch=72)-----------
2022-11-16 14:00:03,523 - 1 samples (2 per mini-batch)
2022-11-16 14:00:03,957 - Epoch: [72][    1/    1]    Loss 6.696839    mAP 0.000000    
2022-11-16 14:00:03,991 - ==> mAP: 0.00000    Loss: 6.697

2022-11-16 14:00:04,000 - ==> Best [mAP: 0.000000   vloss: 6.696839   Sparsity:0.00   Params: 303264 on epoch: 72]
2022-11-16 14:00:04,002 - Saving checkpoint to: logs/2022.11.16-135834/qat_checkpoint.pth.tar
2022-11-16 14:00:04,048 - 

2022-11-16 14:00:04,049 - Training epoch: 5 samples (2 per mini-batch)
2022-11-16 14:00:04,694 - Epoch: [73][    3/    3]    Overall Loss 5.754562    Objective Loss 5.754562                                        LR 0.001000    Time 0.212995    
2022-11-16 14:00:04,727 - --- validate (epoch=73)-----------
2022-11-16 14:00:04,728 - 1 samples (2 per mini-batch)
2022-11-16 14:00:05,172 - Epoch: [73][    1/    1]    Loss 6.695498    mAP 0.000000    
2022-11-16 14:00:05,210 - ==> mAP: 0.00000    Loss: 6.695

2022-11-16 14:00:05,219 - ==> Best [mAP: 0.000000   vloss: 6.695498   Sparsity:0.00   Params: 303264 on epoch: 73]
2022-11-16 14:00:05,219 - Saving checkpoint to: logs/2022.11.16-135834/qat_checkpoint.pth.tar
2022-11-16 14:00:05,261 - 

2022-11-16 14:00:05,261 - Training epoch: 5 samples (2 per mini-batch)
2022-11-16 14:00:05,747 - Epoch: [74][    3/    3]    Overall Loss 5.345627    Objective Loss 5.345627                                        LR 0.001000    Time 0.160786    
2022-11-16 14:00:05,774 - --- validate (epoch=74)-----------
2022-11-16 14:00:05,775 - 1 samples (2 per mini-batch)
2022-11-16 14:00:06,183 - Epoch: [74][    1/    1]    Loss 6.697760    mAP 0.000000    
2022-11-16 14:00:06,218 - ==> mAP: 0.00000    Loss: 6.698

2022-11-16 14:00:06,232 - ==> Best [mAP: 0.000000   vloss: 6.695498   Sparsity:0.00   Params: 303264 on epoch: 73]
2022-11-16 14:00:06,234 - Saving checkpoint to: logs/2022.11.16-135834/qat_checkpoint.pth.tar
2022-11-16 14:00:06,271 - 

2022-11-16 14:00:06,272 - Training epoch: 5 samples (2 per mini-batch)
2022-11-16 14:00:06,889 - Epoch: [75][    3/    3]    Overall Loss 5.287824    Objective Loss 5.287824                                        LR 0.001000    Time 0.204449    
2022-11-16 14:00:06,922 - --- validate (epoch=75)-----------
2022-11-16 14:00:06,923 - 1 samples (2 per mini-batch)
2022-11-16 14:00:07,377 - Epoch: [75][    1/    1]    Loss 6.692710    mAP 0.000000    
2022-11-16 14:00:07,443 - ==> mAP: 0.00000    Loss: 6.693

2022-11-16 14:00:07,461 - ==> Best [mAP: 0.000000   vloss: 6.692710   Sparsity:0.00   Params: 303264 on epoch: 75]
2022-11-16 14:00:07,461 - Saving checkpoint to: logs/2022.11.16-135834/qat_checkpoint.pth.tar
2022-11-16 14:00:07,522 - 

2022-11-16 14:00:07,523 - Training epoch: 5 samples (2 per mini-batch)
2022-11-16 14:00:08,040 - Epoch: [76][    3/    3]    Overall Loss 5.336321    Objective Loss 5.336321                                        LR 0.001000    Time 0.170979    
2022-11-16 14:00:08,104 - --- validate (epoch=76)-----------
2022-11-16 14:00:08,105 - 1 samples (2 per mini-batch)
2022-11-16 14:00:08,531 - Epoch: [76][    1/    1]    Loss 6.691134    mAP 0.000000    
2022-11-16 14:00:08,580 - ==> mAP: 0.00000    Loss: 6.691

2022-11-16 14:00:08,592 - ==> Best [mAP: 0.000000   vloss: 6.691134   Sparsity:0.00   Params: 303264 on epoch: 76]
2022-11-16 14:00:08,593 - Saving checkpoint to: logs/2022.11.16-135834/qat_checkpoint.pth.tar
2022-11-16 14:00:08,672 - 

2022-11-16 14:00:08,673 - Training epoch: 5 samples (2 per mini-batch)
2022-11-16 14:00:09,491 - Epoch: [77][    3/    3]    Overall Loss 5.270091    Objective Loss 5.270091                                        LR 0.001000    Time 0.271235    
2022-11-16 14:00:09,538 - --- validate (epoch=77)-----------
2022-11-16 14:00:09,538 - 1 samples (2 per mini-batch)
2022-11-16 14:00:10,035 - Epoch: [77][    1/    1]    Loss 6.685759    mAP 0.000000    
2022-11-16 14:00:10,075 - ==> mAP: 0.00000    Loss: 6.686

2022-11-16 14:00:10,084 - ==> Best [mAP: 0.000000   vloss: 6.685759   Sparsity:0.00   Params: 303264 on epoch: 77]
2022-11-16 14:00:10,085 - Saving checkpoint to: logs/2022.11.16-135834/qat_checkpoint.pth.tar
2022-11-16 14:00:10,142 - 

2022-11-16 14:00:10,143 - Training epoch: 5 samples (2 per mini-batch)
2022-11-16 14:00:10,736 - Epoch: [78][    3/    3]    Overall Loss 5.313999    Objective Loss 5.313999                                        LR 0.001000    Time 0.195958    
2022-11-16 14:00:10,768 - --- validate (epoch=78)-----------
2022-11-16 14:00:10,768 - 1 samples (2 per mini-batch)
2022-11-16 14:00:11,240 - Epoch: [78][    1/    1]    Loss 6.684942    mAP 0.000000    
2022-11-16 14:00:11,278 - ==> mAP: 0.00000    Loss: 6.685

2022-11-16 14:00:11,292 - ==> Best [mAP: 0.000000   vloss: 6.684942   Sparsity:0.00   Params: 303264 on epoch: 78]
2022-11-16 14:00:11,292 - Saving checkpoint to: logs/2022.11.16-135834/qat_checkpoint.pth.tar
2022-11-16 14:00:11,336 - 

2022-11-16 14:00:11,337 - Training epoch: 5 samples (2 per mini-batch)
2022-11-16 14:00:12,031 - Epoch: [79][    3/    3]    Overall Loss 5.244727    Objective Loss 5.244727                                        LR 0.001000    Time 0.230124    
2022-11-16 14:00:12,064 - --- validate (epoch=79)-----------
2022-11-16 14:00:12,065 - 1 samples (2 per mini-batch)
2022-11-16 14:00:12,484 - Epoch: [79][    1/    1]    Loss 6.686064    mAP 0.000000    
2022-11-16 14:00:12,513 - ==> mAP: 0.00000    Loss: 6.686

2022-11-16 14:00:12,525 - ==> Best [mAP: 0.000000   vloss: 6.684942   Sparsity:0.00   Params: 303264 on epoch: 78]
2022-11-16 14:00:12,525 - Saving checkpoint to: logs/2022.11.16-135834/qat_checkpoint.pth.tar
2022-11-16 14:00:12,565 - 

2022-11-16 14:00:12,566 - Training epoch: 5 samples (2 per mini-batch)
2022-11-16 14:00:13,102 - Epoch: [80][    3/    3]    Overall Loss 5.655262    Objective Loss 5.655262                                        LR 0.001000    Time 0.175946    
2022-11-16 14:00:13,138 - --- validate (epoch=80)-----------
2022-11-16 14:00:13,139 - 1 samples (2 per mini-batch)
2022-11-16 14:00:13,551 - Epoch: [80][    1/    1]    Loss 6.673659    mAP 0.000000    
2022-11-16 14:00:13,584 - ==> mAP: 0.00000    Loss: 6.674

2022-11-16 14:00:13,593 - ==> Best [mAP: 0.000000   vloss: 6.673659   Sparsity:0.00   Params: 303264 on epoch: 80]
2022-11-16 14:00:13,593 - Saving checkpoint to: logs/2022.11.16-135834/qat_checkpoint.pth.tar
2022-11-16 14:00:13,643 - 

2022-11-16 14:00:13,643 - Training epoch: 5 samples (2 per mini-batch)
2022-11-16 14:00:14,201 - Epoch: [81][    3/    3]    Overall Loss 5.474577    Objective Loss 5.474577                                        LR 0.001000    Time 0.184558    
2022-11-16 14:00:14,239 - --- validate (epoch=81)-----------
2022-11-16 14:00:14,239 - 1 samples (2 per mini-batch)
2022-11-16 14:00:14,628 - Epoch: [81][    1/    1]    Loss 6.672096    mAP 0.000000    
2022-11-16 14:00:14,658 - ==> mAP: 0.00000    Loss: 6.672

2022-11-16 14:00:14,665 - ==> Best [mAP: 0.000000   vloss: 6.672096   Sparsity:0.00   Params: 303264 on epoch: 81]
2022-11-16 14:00:14,665 - Saving checkpoint to: logs/2022.11.16-135834/qat_checkpoint.pth.tar
2022-11-16 14:00:14,708 - 

2022-11-16 14:00:14,708 - Training epoch: 5 samples (2 per mini-batch)
2022-11-16 14:00:15,212 - Epoch: [82][    3/    3]    Overall Loss 5.434924    Objective Loss 5.434924                                        LR 0.001000    Time 0.166933    
2022-11-16 14:00:15,244 - --- validate (epoch=82)-----------
2022-11-16 14:00:15,245 - 1 samples (2 per mini-batch)
2022-11-16 14:00:15,665 - Epoch: [82][    1/    1]    Loss 6.672019    mAP 0.000000    
2022-11-16 14:00:15,697 - ==> mAP: 0.00000    Loss: 6.672

2022-11-16 14:00:15,705 - ==> Best [mAP: 0.000000   vloss: 6.672019   Sparsity:0.00   Params: 303264 on epoch: 82]
2022-11-16 14:00:15,706 - Saving checkpoint to: logs/2022.11.16-135834/qat_checkpoint.pth.tar
2022-11-16 14:00:15,745 - 

2022-11-16 14:00:15,745 - Training epoch: 5 samples (2 per mini-batch)
2022-11-16 14:00:16,215 - Epoch: [83][    3/    3]    Overall Loss 5.313537    Objective Loss 5.313537                                        LR 0.001000    Time 0.155586    
2022-11-16 14:00:16,242 - --- validate (epoch=83)-----------
2022-11-16 14:00:16,243 - 1 samples (2 per mini-batch)
2022-11-16 14:00:16,624 - Epoch: [83][    1/    1]    Loss 6.667864    mAP 0.000000    
2022-11-16 14:00:16,657 - ==> mAP: 0.00000    Loss: 6.668

2022-11-16 14:00:16,667 - ==> Best [mAP: 0.000000   vloss: 6.667864   Sparsity:0.00   Params: 303264 on epoch: 83]
2022-11-16 14:00:16,668 - Saving checkpoint to: logs/2022.11.16-135834/qat_checkpoint.pth.tar
2022-11-16 14:00:16,708 - 

2022-11-16 14:00:16,708 - Training epoch: 5 samples (2 per mini-batch)
2022-11-16 14:00:17,254 - Epoch: [84][    3/    3]    Overall Loss 5.162511    Objective Loss 5.162511                                        LR 0.001000    Time 0.181427    
2022-11-16 14:00:17,283 - --- validate (epoch=84)-----------
2022-11-16 14:00:17,284 - 1 samples (2 per mini-batch)
2022-11-16 14:00:17,615 - Epoch: [84][    1/    1]    Loss 6.662546    mAP 0.000000    
2022-11-16 14:00:17,644 - ==> mAP: 0.00000    Loss: 6.663

2022-11-16 14:00:17,650 - ==> Best [mAP: 0.000000   vloss: 6.662546   Sparsity:0.00   Params: 303264 on epoch: 84]
2022-11-16 14:00:17,651 - Saving checkpoint to: logs/2022.11.16-135834/qat_checkpoint.pth.tar
2022-11-16 14:00:17,688 - 

2022-11-16 14:00:17,688 - Training epoch: 5 samples (2 per mini-batch)
2022-11-16 14:00:18,200 - Epoch: [85][    3/    3]    Overall Loss 5.162718    Objective Loss 5.162718                                        LR 0.001000    Time 0.169714    
2022-11-16 14:00:18,232 - --- validate (epoch=85)-----------
2022-11-16 14:00:18,233 - 1 samples (2 per mini-batch)
2022-11-16 14:00:18,624 - Epoch: [85][    1/    1]    Loss 6.659385    mAP 0.000000    
2022-11-16 14:00:18,652 - ==> mAP: 0.00000    Loss: 6.659

2022-11-16 14:00:18,657 - ==> Best [mAP: 0.000000   vloss: 6.659385   Sparsity:0.00   Params: 303264 on epoch: 85]
2022-11-16 14:00:18,658 - Saving checkpoint to: logs/2022.11.16-135834/qat_checkpoint.pth.tar
2022-11-16 14:00:18,694 - 

2022-11-16 14:00:18,695 - Training epoch: 5 samples (2 per mini-batch)
2022-11-16 14:00:19,200 - Epoch: [86][    3/    3]    Overall Loss 5.268924    Objective Loss 5.268924                                        LR 0.001000    Time 0.167475    
2022-11-16 14:00:19,230 - --- validate (epoch=86)-----------
2022-11-16 14:00:19,232 - 1 samples (2 per mini-batch)
2022-11-16 14:00:19,641 - Epoch: [86][    1/    1]    Loss 6.661318    mAP 0.000000    
2022-11-16 14:00:19,673 - ==> mAP: 0.00000    Loss: 6.661

2022-11-16 14:00:19,677 - ==> Best [mAP: 0.000000   vloss: 6.659385   Sparsity:0.00   Params: 303264 on epoch: 85]
2022-11-16 14:00:19,678 - Saving checkpoint to: logs/2022.11.16-135834/qat_checkpoint.pth.tar
2022-11-16 14:00:19,712 - 

2022-11-16 14:00:19,713 - Training epoch: 5 samples (2 per mini-batch)
2022-11-16 14:00:20,272 - Epoch: [87][    3/    3]    Overall Loss 5.348295    Objective Loss 5.348295                                        LR 0.001000    Time 0.185129    
2022-11-16 14:00:20,306 - --- validate (epoch=87)-----------
2022-11-16 14:00:20,306 - 1 samples (2 per mini-batch)
2022-11-16 14:00:20,705 - Epoch: [87][    1/    1]    Loss 6.657399    mAP 0.000000    
2022-11-16 14:00:20,737 - ==> mAP: 0.00000    Loss: 6.657

2022-11-16 14:00:20,743 - ==> Best [mAP: 0.000000   vloss: 6.657399   Sparsity:0.00   Params: 303264 on epoch: 87]
2022-11-16 14:00:20,743 - Saving checkpoint to: logs/2022.11.16-135834/qat_checkpoint.pth.tar
2022-11-16 14:00:20,785 - 

2022-11-16 14:00:20,786 - Training epoch: 5 samples (2 per mini-batch)
2022-11-16 14:00:21,312 - Epoch: [88][    3/    3]    Overall Loss 5.137430    Objective Loss 5.137430                                        LR 0.001000    Time 0.174394    
2022-11-16 14:00:21,349 - --- validate (epoch=88)-----------
2022-11-16 14:00:21,350 - 1 samples (2 per mini-batch)
2022-11-16 14:00:21,720 - Epoch: [88][    1/    1]    Loss 6.660142    mAP 0.000000    
2022-11-16 14:00:21,751 - ==> mAP: 0.00000    Loss: 6.660

2022-11-16 14:00:21,758 - ==> Best [mAP: 0.000000   vloss: 6.657399   Sparsity:0.00   Params: 303264 on epoch: 87]
2022-11-16 14:00:21,759 - Saving checkpoint to: logs/2022.11.16-135834/qat_checkpoint.pth.tar
2022-11-16 14:00:21,802 - 

2022-11-16 14:00:21,803 - Training epoch: 5 samples (2 per mini-batch)
2022-11-16 14:00:22,267 - Epoch: [89][    3/    3]    Overall Loss 5.068599    Objective Loss 5.068599                                        LR 0.001000    Time 0.153257    
2022-11-16 14:00:22,295 - --- validate (epoch=89)-----------
2022-11-16 14:00:22,295 - 1 samples (2 per mini-batch)
2022-11-16 14:00:22,639 - Epoch: [89][    1/    1]    Loss 6.652529    mAP 0.000000    
2022-11-16 14:00:22,666 - ==> mAP: 0.00000    Loss: 6.653

2022-11-16 14:00:22,673 - ==> Best [mAP: 0.000000   vloss: 6.652529   Sparsity:0.00   Params: 303264 on epoch: 89]
2022-11-16 14:00:22,674 - Saving checkpoint to: logs/2022.11.16-135834/qat_checkpoint.pth.tar
2022-11-16 14:00:22,710 - 

2022-11-16 14:00:22,710 - Training epoch: 5 samples (2 per mini-batch)
2022-11-16 14:00:23,164 - Epoch: [90][    3/    3]    Overall Loss 5.323740    Objective Loss 5.323740                                        LR 0.001000    Time 0.150527    
2022-11-16 14:00:23,192 - --- validate (epoch=90)-----------
2022-11-16 14:00:23,193 - 1 samples (2 per mini-batch)
2022-11-16 14:00:23,542 - Epoch: [90][    1/    1]    Loss 6.652614    mAP 0.000000    
2022-11-16 14:00:23,570 - ==> mAP: 0.00000    Loss: 6.653

2022-11-16 14:00:23,576 - ==> Best [mAP: 0.000000   vloss: 6.652529   Sparsity:0.00   Params: 303264 on epoch: 89]
2022-11-16 14:00:23,576 - Saving checkpoint to: logs/2022.11.16-135834/qat_checkpoint.pth.tar
2022-11-16 14:00:23,605 - 

2022-11-16 14:00:23,605 - Training epoch: 5 samples (2 per mini-batch)
2022-11-16 14:00:24,104 - Epoch: [91][    3/    3]    Overall Loss 5.242142    Objective Loss 5.242142                                        LR 0.001000    Time 0.165615    
2022-11-16 14:00:24,135 - --- validate (epoch=91)-----------
2022-11-16 14:00:24,136 - 1 samples (2 per mini-batch)
2022-11-16 14:00:24,454 - Epoch: [91][    1/    1]    Loss 6.654016    mAP 0.000000    
2022-11-16 14:00:24,484 - ==> mAP: 0.00000    Loss: 6.654

2022-11-16 14:00:24,488 - ==> Best [mAP: 0.000000   vloss: 6.652529   Sparsity:0.00   Params: 303264 on epoch: 89]
2022-11-16 14:00:24,489 - Saving checkpoint to: logs/2022.11.16-135834/qat_checkpoint.pth.tar
2022-11-16 14:00:24,519 - 

2022-11-16 14:00:24,519 - Training epoch: 5 samples (2 per mini-batch)
2022-11-16 14:00:25,072 - Epoch: [92][    3/    3]    Overall Loss 5.141591    Objective Loss 5.141591                                        LR 0.001000    Time 0.183350    
2022-11-16 14:00:25,107 - --- validate (epoch=92)-----------
2022-11-16 14:00:25,108 - 1 samples (2 per mini-batch)
2022-11-16 14:00:25,493 - Epoch: [92][    1/    1]    Loss 6.650545    mAP 0.000000    
2022-11-16 14:00:25,526 - ==> mAP: 0.00000    Loss: 6.651

2022-11-16 14:00:25,534 - ==> Best [mAP: 0.000000   vloss: 6.650545   Sparsity:0.00   Params: 303264 on epoch: 92]
2022-11-16 14:00:25,534 - Saving checkpoint to: logs/2022.11.16-135834/qat_checkpoint.pth.tar
2022-11-16 14:00:25,573 - 

2022-11-16 14:00:25,574 - Training epoch: 5 samples (2 per mini-batch)
2022-11-16 14:00:26,051 - Epoch: [93][    3/    3]    Overall Loss 5.233896    Objective Loss 5.233896                                        LR 0.001000    Time 0.158280    
2022-11-16 14:00:26,080 - --- validate (epoch=93)-----------
2022-11-16 14:00:26,081 - 1 samples (2 per mini-batch)
2022-11-16 14:00:26,441 - Epoch: [93][    1/    1]    Loss 6.649027    mAP 0.000000    
2022-11-16 14:00:26,477 - ==> mAP: 0.00000    Loss: 6.649

2022-11-16 14:00:26,485 - ==> Best [mAP: 0.000000   vloss: 6.649027   Sparsity:0.00   Params: 303264 on epoch: 93]
2022-11-16 14:00:26,486 - Saving checkpoint to: logs/2022.11.16-135834/qat_checkpoint.pth.tar
2022-11-16 14:00:26,547 - 

2022-11-16 14:00:26,548 - Training epoch: 5 samples (2 per mini-batch)
2022-11-16 14:00:27,081 - Epoch: [94][    3/    3]    Overall Loss 4.992035    Objective Loss 4.992035                                        LR 0.001000    Time 0.176084    
2022-11-16 14:00:27,107 - --- validate (epoch=94)-----------
2022-11-16 14:00:27,108 - 1 samples (2 per mini-batch)
2022-11-16 14:00:27,447 - Epoch: [94][    1/    1]    Loss 6.650054    mAP 0.000000    
2022-11-16 14:00:27,476 - ==> mAP: 0.00000    Loss: 6.650

2022-11-16 14:00:27,480 - ==> Best [mAP: 0.000000   vloss: 6.649027   Sparsity:0.00   Params: 303264 on epoch: 93]
2022-11-16 14:00:27,480 - Saving checkpoint to: logs/2022.11.16-135834/qat_checkpoint.pth.tar
2022-11-16 14:00:27,507 - 

2022-11-16 14:00:27,508 - Training epoch: 5 samples (2 per mini-batch)
2022-11-16 14:00:27,954 - Epoch: [95][    3/    3]    Overall Loss 5.173560    Objective Loss 5.173560                                        LR 0.001000    Time 0.147938    
2022-11-16 14:00:27,984 - --- validate (epoch=95)-----------
2022-11-16 14:00:27,985 - 1 samples (2 per mini-batch)
2022-11-16 14:00:28,345 - Epoch: [95][    1/    1]    Loss 6.652145    mAP 0.000000    
2022-11-16 14:00:28,375 - ==> mAP: 0.00000    Loss: 6.652

2022-11-16 14:00:28,379 - ==> Best [mAP: 0.000000   vloss: 6.649027   Sparsity:0.00   Params: 303264 on epoch: 93]
2022-11-16 14:00:28,380 - Saving checkpoint to: logs/2022.11.16-135834/qat_checkpoint.pth.tar
2022-11-16 14:00:28,410 - 

2022-11-16 14:00:28,410 - Training epoch: 5 samples (2 per mini-batch)
2022-11-16 14:00:28,886 - Epoch: [96][    3/    3]    Overall Loss 5.342899    Objective Loss 5.342899                                        LR 0.001000    Time 0.157858    
2022-11-16 14:00:28,924 - --- validate (epoch=96)-----------
2022-11-16 14:00:28,925 - 1 samples (2 per mini-batch)
2022-11-16 14:00:29,275 - Epoch: [96][    1/    1]    Loss 6.649827    mAP 0.000000    
2022-11-16 14:00:29,307 - ==> mAP: 0.00000    Loss: 6.650

2022-11-16 14:00:29,314 - ==> Best [mAP: 0.000000   vloss: 6.649027   Sparsity:0.00   Params: 303264 on epoch: 93]
2022-11-16 14:00:29,315 - Saving checkpoint to: logs/2022.11.16-135834/qat_checkpoint.pth.tar
2022-11-16 14:00:29,350 - 

2022-11-16 14:00:29,352 - Training epoch: 5 samples (2 per mini-batch)
2022-11-16 14:00:29,952 - Epoch: [97][    3/    3]    Overall Loss 5.303727    Objective Loss 5.303727                                        LR 0.001000    Time 0.199144    
2022-11-16 14:00:29,988 - --- validate (epoch=97)-----------
2022-11-16 14:00:29,989 - 1 samples (2 per mini-batch)
2022-11-16 14:00:30,344 - Epoch: [97][    1/    1]    Loss 6.648674    mAP 0.000000    
2022-11-16 14:00:30,379 - ==> mAP: 0.00000    Loss: 6.649

2022-11-16 14:00:30,384 - ==> Best [mAP: 0.000000   vloss: 6.648674   Sparsity:0.00   Params: 303264 on epoch: 97]
2022-11-16 14:00:30,385 - Saving checkpoint to: logs/2022.11.16-135834/qat_checkpoint.pth.tar
2022-11-16 14:00:30,443 - 

2022-11-16 14:00:30,444 - Training epoch: 5 samples (2 per mini-batch)
2022-11-16 14:00:31,069 - Epoch: [98][    3/    3]    Overall Loss 5.268599    Objective Loss 5.268599                                        LR 0.001000    Time 0.205481    
2022-11-16 14:00:31,114 - --- validate (epoch=98)-----------
2022-11-16 14:00:31,115 - 1 samples (2 per mini-batch)
2022-11-16 14:00:31,554 - Epoch: [98][    1/    1]    Loss 6.656069    mAP 0.000000    
2022-11-16 14:00:31,592 - ==> mAP: 0.00000    Loss: 6.656

2022-11-16 14:00:31,597 - ==> Best [mAP: 0.000000   vloss: 6.648674   Sparsity:0.00   Params: 303264 on epoch: 97]
2022-11-16 14:00:31,597 - Saving checkpoint to: logs/2022.11.16-135834/qat_checkpoint.pth.tar
2022-11-16 14:00:31,637 - 

2022-11-16 14:00:31,637 - Training epoch: 5 samples (2 per mini-batch)
2022-11-16 14:00:32,237 - Epoch: [99][    3/    3]    Overall Loss 4.851105    Objective Loss 4.851105                                        LR 0.001000    Time 0.198792    
2022-11-16 14:00:32,289 - --- validate (epoch=99)-----------
2022-11-16 14:00:32,290 - 1 samples (2 per mini-batch)
2022-11-16 14:00:32,647 - Epoch: [99][    1/    1]    Loss 6.661504    mAP 0.000000    
2022-11-16 14:00:32,679 - ==> mAP: 0.00000    Loss: 6.662

2022-11-16 14:00:32,685 - ==> Best [mAP: 0.000000   vloss: 6.648674   Sparsity:0.00   Params: 303264 on epoch: 97]
2022-11-16 14:00:32,685 - Saving checkpoint to: logs/2022.11.16-135834/qat_checkpoint.pth.tar
2022-11-16 14:00:32,718 - --- test ---------------------
2022-11-16 14:00:32,719 - 1 samples (2 per mini-batch)
2022-11-16 14:00:33,104 - Test: [    1/    1]    Loss 6.661504    mAP 0.000000    
2022-11-16 14:00:33,141 - ==> mAP: 0.00000    Loss: 6.662

2022-11-16 14:00:33,145 - 
2022-11-16 14:00:33,146 - Log file for this run: /home/skim945/ECE189/ai8x-training/logs/2022.11.16-135834/2022.11.16-135834.log
